[0m[[0mdebug[0m] [0mRunning TaskDef(HammingSpecs, org.scalatest.tools.Framework$$anon$1@55f62ad9, false, [SuiteSelector])[0m
[0m[[0minfo[0m] [0m[36mRun completed in 262 milliseconds.[0m[0m
[0m[[0minfo[0m] [0m[36mTotal number of tests run: 4[0m[0m
[0m[[0minfo[0m] [0m[36mSuites: completed 1, aborted 0[0m[0m
[0m[[0minfo[0m] [0m[36mTests: succeeded 3, failed 1, canceled 0, ignored 0, pending 3[0m[0m
[0m[[0minfo[0m] [0m[31m*** 1 TEST FAILED ***[0m[0m
[0m[[31merror[0m] [0mFailed tests:[0m
[0m[[31merror[0m] [0m	HammingSpecs[0m
[0m[[31merror[0m] [0m(test:[31mtest[0m) sbt.TestsFailedException: Tests unsuccessful[0m
